2023-08-15 09:10:23,127 - __main__ - DEBUG - getting env var: DATA_PATH
2023-08-15 09:10:23,127 - __main__ - DEBUG - couldn't get env var DATA_PATH - using default: data
2023-08-15 09:10:23,127 - __main__ - INFO - START EXECUTE
2023-08-15 09:10:23,128 - __main__ - INFO - processing account: 87115110
2023-08-15 09:10:23,128 - __main__ - DEBUG - fetching json: https://d4armory.io/api/armory/87115110
2023-08-15 09:10:23,481 - __main__ - INFO - fetching character id: SlippyCheeze - 28180311-0afd-11ee-8339-bfe37b485869
2023-08-15 09:10:23,481 - __main__ - DEBUG - fetching json: https://d4armory.io/api/armory/87115110/28180311-0afd-11ee-8339-bfe37b485869
2023-08-15 09:10:23,683 - __main__ - INFO - queue position 3 - sleeping for 3 seconds
2023-08-15 09:10:26,686 - __main__ - INFO - fetching character id: SlippyCheeze - 28180311-0afd-11ee-8339-bfe37b485869
2023-08-15 09:10:26,686 - __main__ - DEBUG - fetching json: https://d4armory.io/api/armory/87115110/28180311-0afd-11ee-8339-bfe37b485869
2023-08-15 09:10:26,896 - __main__ - INFO - has logged in since last check: True
2023-08-15 09:10:26,897 - __main__ - INFO - fetching character id: SlippyCheeze - 460e0fc0-32ff-11ee-abce-7144c5626e68
2023-08-15 09:10:26,898 - __main__ - DEBUG - fetching json: https://d4armory.io/api/armory/87115110/460e0fc0-32ff-11ee-abce-7144c5626e68
2023-08-15 09:10:27,102 - __main__ - INFO - queue position 3 - sleeping for 3 seconds
2023-08-15 09:10:30,105 - __main__ - INFO - fetching character id: SlippyCheeze - 460e0fc0-32ff-11ee-abce-7144c5626e68
2023-08-15 09:10:30,105 - __main__ - DEBUG - fetching json: https://d4armory.io/api/armory/87115110/460e0fc0-32ff-11ee-abce-7144c5626e68
2023-08-15 09:10:30,320 - __main__ - INFO - last login: 1689705687901000000
2023-08-15 09:10:30,320 - __main__ - INFO - has logged in since last check: True
2023-08-15 09:10:30,321 - __main__ - INFO - fetching character id: SlippyCheeze - a72de170-2721-11ee-b160-d53452f8e0b4
2023-08-15 09:10:30,321 - __main__ - DEBUG - fetching json: https://d4armory.io/api/armory/87115110/a72de170-2721-11ee-b160-d53452f8e0b4
2023-08-15 09:10:30,533 - __main__ - INFO - queue position 3 - sleeping for 3 seconds
2023-08-15 09:10:33,536 - __main__ - INFO - fetching character id: SlippyCheeze - a72de170-2721-11ee-b160-d53452f8e0b4
2023-08-15 09:10:33,536 - __main__ - DEBUG - fetching json: https://d4armory.io/api/armory/87115110/a72de170-2721-11ee-b160-d53452f8e0b4
2023-08-15 09:10:33,749 - __main__ - INFO - last login: 1691593298387000000
2023-08-15 09:10:33,749 - __main__ - INFO - has logged in since last check: True
2023-08-15 09:10:33,750 - __main__ - INFO - fetching character id: SlippyCheeze - b6eb7620-0239-11ee-85c0-db27ed48d2f3
2023-08-15 09:10:33,750 - __main__ - DEBUG - fetching json: https://d4armory.io/api/armory/87115110/b6eb7620-0239-11ee-85c0-db27ed48d2f3
2023-08-15 09:10:33,950 - __main__ - INFO - queue position 3 - sleeping for 3 seconds
2023-08-15 09:10:36,953 - __main__ - INFO - fetching character id: SlippyCheeze - b6eb7620-0239-11ee-85c0-db27ed48d2f3
2023-08-15 09:10:36,953 - __main__ - DEBUG - fetching json: https://d4armory.io/api/armory/87115110/b6eb7620-0239-11ee-85c0-db27ed48d2f3
2023-08-15 09:10:37,158 - __main__ - INFO - last login: 1691620228747000000
2023-08-15 09:10:37,158 - __main__ - INFO - has logged in since last check: True
2023-08-15 09:10:37,159 - __main__ - INFO - fetching character id: SlippyCheeze - d83cf520-0102-11ee-8daf-07afa85cfb1d
2023-08-15 09:10:37,159 - __main__ - DEBUG - fetching json: https://d4armory.io/api/armory/87115110/d83cf520-0102-11ee-8daf-07afa85cfb1d
2023-08-15 09:10:37,360 - __main__ - INFO - queue position 4 - sleeping for 3 seconds
2023-08-15 09:10:40,363 - __main__ - INFO - fetching character id: SlippyCheeze - d83cf520-0102-11ee-8daf-07afa85cfb1d
2023-08-15 09:10:40,364 - __main__ - DEBUG - fetching json: https://d4armory.io/api/armory/87115110/d83cf520-0102-11ee-8daf-07afa85cfb1d
2023-08-15 09:10:40,666 - __main__ - INFO - last login: 1689705671346000000
2023-08-15 09:10:40,666 - __main__ - INFO - has logged in since last check: True
2023-08-15 09:10:40,667 - __main__ - INFO - fetching character id: SlippyCheeze - f0fb1000-0c70-11ee-af5d-c73b7f793038
2023-08-15 09:10:40,667 - __main__ - DEBUG - fetching json: https://d4armory.io/api/armory/87115110/f0fb1000-0c70-11ee-af5d-c73b7f793038
2023-08-15 09:10:40,869 - __main__ - INFO - queue position 3 - sleeping for 3 seconds
2023-08-15 09:10:43,872 - __main__ - INFO - fetching character id: SlippyCheeze - f0fb1000-0c70-11ee-af5d-c73b7f793038
2023-08-15 09:10:43,873 - __main__ - DEBUG - fetching json: https://d4armory.io/api/armory/87115110/f0fb1000-0c70-11ee-af5d-c73b7f793038
2023-08-15 09:10:44,151 - __main__ - INFO - last login: 1689705728992000000
2023-08-15 09:10:44,151 - __main__ - INFO - has logged in since last check: True
2023-08-15 09:10:44,152 - __main__ - INFO - fetching character id: SlippyCheeze - feef0250-01e1-11ee-a5a1-53b48abfe8e4
2023-08-15 09:10:44,152 - __main__ - DEBUG - fetching json: https://d4armory.io/api/armory/87115110/feef0250-01e1-11ee-a5a1-53b48abfe8e4
2023-08-15 09:10:44,354 - __main__ - INFO - queue position 3 - sleeping for 3 seconds
2023-08-15 09:10:47,358 - __main__ - INFO - fetching character id: SlippyCheeze - feef0250-01e1-11ee-a5a1-53b48abfe8e4
2023-08-15 09:10:47,358 - __main__ - DEBUG - fetching json: https://d4armory.io/api/armory/87115110/feef0250-01e1-11ee-a5a1-53b48abfe8e4
2023-08-15 09:10:47,570 - __main__ - INFO - last login: 1689705709052000000
2023-08-15 09:10:47,571 - __main__ - INFO - has logged in since last check: True
2023-08-15 09:10:47,572 - __main__ - INFO - fetching character id: SlippyCheeze - 4e04bca0-2734-11ee-8530-bbeec4d445cb
2023-08-15 09:10:47,572 - __main__ - DEBUG - fetching json: https://d4armory.io/api/armory/87115110/4e04bca0-2734-11ee-8530-bbeec4d445cb
2023-08-15 09:10:47,784 - __main__ - INFO - queue position 3 - sleeping for 3 seconds
2023-08-15 09:10:50,788 - __main__ - INFO - fetching character id: SlippyCheeze - 4e04bca0-2734-11ee-8530-bbeec4d445cb
2023-08-15 09:10:50,788 - __main__ - DEBUG - fetching json: https://d4armory.io/api/armory/87115110/4e04bca0-2734-11ee-8530-bbeec4d445cb
2023-08-15 09:10:51,000 - __main__ - INFO - last login: 1689705654517000000
2023-08-15 09:10:51,000 - __main__ - INFO - has logged in since last check: True
2023-08-15 09:10:51,001 - __main__ - INFO - completed processing account: 87115110
2023-08-15 09:10:51,001 - __main__ - INFO - COMPLETE EXECUTE
2023-08-15 09:49:10,094 - __main__ - DEBUG - getting env var: DATA_PATH
2023-08-15 09:49:10,094 - __main__ - DEBUG - couldn't get env var DATA_PATH - using default: data
2023-08-15 09:49:10,094 - __main__ - INFO - START EXECUTE
2023-08-15 09:49:10,094 - __main__ - INFO - processing account: 87115110
2023-08-15 09:49:10,094 - __main__ - DEBUG - fetching json: https://d4armory.io/api/armory/87115110
2023-08-15 09:49:10,380 - __main__ - INFO - fetching character id: SlippyCheeze - b6eb7620-0239-11ee-85c0-db27ed48d2f3
2023-08-15 09:49:10,381 - __main__ - DEBUG - fetching json: https://d4armory.io/api/armory/87115110/b6eb7620-0239-11ee-85c0-db27ed48d2f3
2023-08-15 09:49:10,504 - __main__ - INFO - queue position 3 - sleeping for 3 seconds
2023-08-15 09:49:13,504 - __main__ - INFO - fetching character id: SlippyCheeze - b6eb7620-0239-11ee-85c0-db27ed48d2f3
2023-08-15 09:49:13,505 - __main__ - DEBUG - fetching json: https://d4armory.io/api/armory/87115110/b6eb7620-0239-11ee-85c0-db27ed48d2f3
2023-08-15 09:49:13,625 - __main__ - INFO - last login: 1692087621282000000
2023-08-15 09:49:13,625 - __main__ - INFO - has logged in since last check: True
2023-08-15 09:49:13,626 - __main__ - INFO - fetching character id: SlippyCheeze - d83cf520-0102-11ee-8daf-07afa85cfb1d
2023-08-15 09:49:13,626 - __main__ - DEBUG - fetching json: https://d4armory.io/api/armory/87115110/d83cf520-0102-11ee-8daf-07afa85cfb1d
2023-08-15 09:49:13,771 - __main__ - INFO - queue position 3 - sleeping for 3 seconds
2023-08-15 09:49:16,771 - __main__ - INFO - fetching character id: SlippyCheeze - d83cf520-0102-11ee-8daf-07afa85cfb1d
2023-08-15 09:49:16,772 - __main__ - DEBUG - fetching json: https://d4armory.io/api/armory/87115110/d83cf520-0102-11ee-8daf-07afa85cfb1d
2023-08-15 09:49:16,904 - __main__ - INFO - last login: 1689705671346000000
2023-08-15 09:49:16,905 - __main__ - INFO - has logged in since last check: True
2023-08-15 09:49:16,906 - __main__ - INFO - fetching character id: SlippyCheeze - f0fb1000-0c70-11ee-af5d-c73b7f793038
2023-08-15 09:49:16,906 - __main__ - DEBUG - fetching json: https://d4armory.io/api/armory/87115110/f0fb1000-0c70-11ee-af5d-c73b7f793038
2023-08-15 09:49:17,026 - __main__ - INFO - queue position 3 - sleeping for 3 seconds
2023-08-15 09:49:20,027 - __main__ - INFO - fetching character id: SlippyCheeze - f0fb1000-0c70-11ee-af5d-c73b7f793038
2023-08-15 09:49:20,027 - __main__ - DEBUG - fetching json: https://d4armory.io/api/armory/87115110/f0fb1000-0c70-11ee-af5d-c73b7f793038
2023-08-15 09:49:20,142 - __main__ - INFO - last login: 1689705728992000000
2023-08-15 09:49:20,142 - __main__ - INFO - has logged in since last check: True
2023-08-15 09:49:20,143 - __main__ - INFO - fetching character id: SlippyCheeze - 28180311-0afd-11ee-8339-bfe37b485869
2023-08-15 09:49:20,143 - __main__ - DEBUG - fetching json: https://d4armory.io/api/armory/87115110/28180311-0afd-11ee-8339-bfe37b485869
2023-08-15 09:49:20,333 - __main__ - INFO - queue position 3 - sleeping for 3 seconds
2023-08-15 09:49:23,334 - __main__ - INFO - fetching character id: SlippyCheeze - 28180311-0afd-11ee-8339-bfe37b485869
2023-08-15 09:49:23,334 - __main__ - DEBUG - fetching json: https://d4armory.io/api/armory/87115110/28180311-0afd-11ee-8339-bfe37b485869
2023-08-15 09:49:23,469 - __main__ - INFO - last login: 1689705709052000000
2023-08-15 09:49:23,469 - __main__ - INFO - has logged in since last check: True
2023-08-15 09:49:23,470 - __main__ - INFO - fetching character id: SlippyCheeze - 460e0fc0-32ff-11ee-abce-7144c5626e68
2023-08-15 09:49:23,470 - __main__ - DEBUG - fetching json: https://d4armory.io/api/armory/87115110/460e0fc0-32ff-11ee-abce-7144c5626e68
2023-08-15 09:49:23,600 - __main__ - INFO - queue position 3 - sleeping for 3 seconds
2023-08-15 09:49:26,601 - __main__ - INFO - fetching character id: SlippyCheeze - 460e0fc0-32ff-11ee-abce-7144c5626e68
2023-08-15 09:49:26,601 - __main__ - DEBUG - fetching json: https://d4armory.io/api/armory/87115110/460e0fc0-32ff-11ee-abce-7144c5626e68
2023-08-15 09:49:26,739 - __main__ - INFO - last login: 1689705687901000000
2023-08-15 09:49:26,739 - __main__ - INFO - has logged in since last check: True
2023-08-15 09:49:26,740 - __main__ - INFO - fetching character id: SlippyCheeze - 4e04bca0-2734-11ee-8530-bbeec4d445cb
2023-08-15 09:49:26,740 - __main__ - DEBUG - fetching json: https://d4armory.io/api/armory/87115110/4e04bca0-2734-11ee-8530-bbeec4d445cb
2023-08-15 09:49:26,865 - __main__ - INFO - queue position 3 - sleeping for 3 seconds
2023-08-15 09:49:29,866 - __main__ - INFO - fetching character id: SlippyCheeze - 4e04bca0-2734-11ee-8530-bbeec4d445cb
2023-08-15 09:49:29,866 - __main__ - DEBUG - fetching json: https://d4armory.io/api/armory/87115110/4e04bca0-2734-11ee-8530-bbeec4d445cb
2023-08-15 09:49:29,992 - __main__ - INFO - last login: 1691593298387000000
2023-08-15 09:49:29,993 - __main__ - INFO - has logged in since last check: True
2023-08-15 09:49:29,994 - __main__ - INFO - fetching character id: SlippyCheeze - a72de170-2721-11ee-b160-d53452f8e0b4
2023-08-15 09:49:29,994 - __main__ - DEBUG - fetching json: https://d4armory.io/api/armory/87115110/a72de170-2721-11ee-b160-d53452f8e0b4
2023-08-15 09:49:30,130 - __main__ - INFO - queue position 3 - sleeping for 3 seconds
2023-08-15 09:49:33,130 - __main__ - INFO - fetching character id: SlippyCheeze - a72de170-2721-11ee-b160-d53452f8e0b4
2023-08-15 09:49:33,131 - __main__ - DEBUG - fetching json: https://d4armory.io/api/armory/87115110/a72de170-2721-11ee-b160-d53452f8e0b4
2023-08-15 09:49:33,266 - __main__ - INFO - last login: 1692087621282000000
2023-08-15 09:49:33,266 - __main__ - INFO - has logged in since last check: True
2023-08-15 09:49:33,267 - __main__ - INFO - fetching character id: SlippyCheeze - feef0250-01e1-11ee-a5a1-53b48abfe8e4
2023-08-15 09:49:33,267 - __main__ - DEBUG - fetching json: https://d4armory.io/api/armory/87115110/feef0250-01e1-11ee-a5a1-53b48abfe8e4
2023-08-15 09:49:33,399 - __main__ - INFO - queue position 3 - sleeping for 3 seconds
2023-08-15 09:49:36,400 - __main__ - INFO - fetching character id: SlippyCheeze - feef0250-01e1-11ee-a5a1-53b48abfe8e4
2023-08-15 09:49:36,400 - __main__ - DEBUG - fetching json: https://d4armory.io/api/armory/87115110/feef0250-01e1-11ee-a5a1-53b48abfe8e4
2023-08-15 09:49:36,533 - __main__ - INFO - last login: 1691620228747000000
2023-08-15 09:49:36,534 - __main__ - INFO - has logged in since last check: True
2023-08-15 09:49:36,534 - __main__ - INFO - completed processing account: 87115110
2023-08-15 09:49:36,534 - __main__ - INFO - COMPLETE EXECUTE
